<?xml version="1.0" encoding="UTF-8"?>
<!-- Generated by org.testng.reporters.JUnitReportReporter -->
<testsuite hostname="DESKTOP-4H2CDN2" name="com.liveguru.frontend.Global_RegisterToSystem" tests="2" failures="0" timestamp="13 Jul 2019 17:44:59 GMT" time="8.206" errors="0">
  <testcase name="TC_02_VerifyUserInformation" time="1.555" classname="com.liveguru.frontend.Global_RegisterToSystem"/>
  <testcase name="TC_01_registerToSystemSuccessfully" time="6.651" classname="com.liveguru.frontend.Global_RegisterToSystem"/>
</testsuite> <!-- com.liveguru.frontend.Global_RegisterToSystem -->
