<?xml version="1.0" encoding="UTF-8"?>
<!-- Generated by org.testng.reporters.JUnitReportReporter -->
<testsuite hostname="DESKTOP-4H2CDN2" name="com.liveguru.frontend.ProductDetail" tests="1" failures="0" timestamp="13 Jul 2019 17:44:59 GMT" time="32.734" errors="0">
  <testcase name="TC_03_VerifyPriceMatch" time="32.734" classname="com.liveguru.frontend.ProductDetail"/>
</testsuite> <!-- com.liveguru.frontend.ProductDetail -->
