<?xml version="1.0" encoding="UTF-8"?>
<!-- Generated by org.testng.reporters.JUnitReportReporter -->
<testsuite hostname="DESKTOP-4H2CDN2" name="com.liveguru.frontend.TC_RegisterToSystem" tests="1" failures="0" timestamp="6 Jun 2019 14:47:36 GMT" time="13.587" errors="0">
  <testcase name="registerToSystemSuccessfully" time="13.587" classname="com.liveguru.frontend.TC_RegisterToSystem"/>
</testsuite> <!-- com.liveguru.frontend.TC_RegisterToSystem -->
