<?xml version="1.0" encoding="UTF-8"?>
<!-- Generated by org.testng.reporters.JUnitReportReporter -->
<testsuite hostname="DESKTOP-4H2CDN2" name="com.liveguru.backend.Pagination" tests="1" failures="0" timestamp="14 Jul 2019 01:02:34 GMT" time="0.003" errors="1">
  <testcase name="TC_04_CheckPagination" time="0.003" classname="com.liveguru.backend.Pagination">
    <error type="io.github.bonigarcia.wdm.WebDriverManagerException" message="io.github.bonigarcia.wdm.WebDriverManagerException: IEDriverServer 3.9.1 for WIN32 not found in https://selenium-release.storage.googleapis.com/">
      <![CDATA[io.github.bonigarcia.wdm.WebDriverManagerException: io.github.bonigarcia.wdm.WebDriverManagerException: IEDriverServer 3.9.1 for WIN32 not found in https://selenium-release.storage.googleapis.com/
	at io.github.bonigarcia.wdm.WebDriverManager.handleException(WebDriverManager.java:689)
	at io.github.bonigarcia.wdm.WebDriverManager.manage(WebDriverManager.java:521)
	at io.github.bonigarcia.wdm.WebDriverManager.handleException(WebDriverManager.java:686)
	at io.github.bonigarcia.wdm.WebDriverManager.manage(WebDriverManager.java:521)
	at io.github.bonigarcia.wdm.WebDriverManager.setup(WebDriverManager.java:251)
	at com.liveguru.commons.AbstractTest.openBrowser(AbstractTest.java:45)
	at com.liveguru.backend.Sorting.beforeClass(Sorting.java:31)
	at sun.reflect.NativeMethodAccessorImpl.invoke0(Native Method)
	at sun.reflect.NativeMethodAccessorImpl.invoke(Unknown Source)
	at sun.reflect.DelegatingMethodAccessorImpl.invoke(Unknown Source)
	at java.lang.reflect.Method.invoke(Unknown Source)
	at org.testng.internal.MethodInvocationHelper.invokeMethod(MethodInvocationHelper.java:85)
	at org.testng.internal.Invoker.invokeConfigurationMethod(Invoker.java:510)
	at org.testng.internal.Invoker.invokeConfigurations(Invoker.java:211)
	at org.testng.internal.Invoker.invokeConfigurations(Invoker.java:138)
	at org.testng.internal.TestMethodWorker.invokeBeforeClassMethods(TestMethodWorker.java:170)
	at org.testng.internal.TestMethodWorker.run(TestMethodWorker.java:104)
	at org.testng.TestRunner.privateRun(TestRunner.java:774)
	at org.testng.TestRunner.run(TestRunner.java:624)
	at org.testng.SuiteRunner.runTest(SuiteRunner.java:359)
	at org.testng.SuiteRunner.runSequentially(SuiteRunner.java:354)
	at org.testng.SuiteRunner.privateRun(SuiteRunner.java:312)
	at org.testng.SuiteRunner.run(SuiteRunner.java:261)
	at org.testng.SuiteRunnerWorker.runSuite(SuiteRunnerWorker.java:52)
	at org.testng.SuiteRunnerWorker.run(SuiteRunnerWorker.java:86)
	at org.testng.TestNG.runSuitesSequentially(TestNG.java:1215)
	at org.testng.TestNG.runSuitesLocally(TestNG.java:1140)
	at org.testng.TestNG.run(TestNG.java:1048)
	at org.testng.remote.RemoteTestNG.run(RemoteTestNG.java:112)
	at org.testng.remote.RemoteTestNG.initAndRun(RemoteTestNG.java:205)
	at org.testng.remote.RemoteTestNG.main(RemoteTestNG.java:176)
Caused by: io.github.bonigarcia.wdm.WebDriverManagerException: IEDriverServer 3.9.1 for WIN32 not found in https://selenium-release.storage.googleapis.com/
	at io.github.bonigarcia.wdm.WebDriverManager.manage(WebDriverManager.java:514)
	... 29 more
]]>
    </error>
  </testcase> <!-- TC_04_CheckPagination -->
</testsuite> <!-- com.liveguru.backend.Pagination -->
