<?xml version="1.0" encoding="UTF-8"?>
<!-- Generated by org.testng.reporters.JUnitReportReporter -->
<testsuite hostname="DESKTOP-4H2CDN2" name="com.liveguru.frontend.WishList" tests="1" failures="0" timestamp="13 Jul 2019 17:44:59 GMT" time="5.195" errors="0">
  <testcase name="TC_07_ShareWishList" time="5.195" classname="com.liveguru.frontend.WishList"/>
</testsuite> <!-- com.liveguru.frontend.WishList -->
