<?xml version="1.0" encoding="UTF-8"?>
<!-- Generated by org.testng.reporters.JUnitReportReporter -->
<testsuite hostname="DESKTOP-4H2CDN2" name="com.liveguru.frontend.SearchFunction" tests="1" failures="0" timestamp="13 Jul 2019 17:44:59 GMT" time="4.519" errors="0">
  <testcase name="TC_10_SearchFunction" time="4.519" classname="com.liveguru.frontend.SearchFunction"/>
</testsuite> <!-- com.liveguru.frontend.SearchFunction -->
