<?xml version="1.0" encoding="UTF-8"?>
<!-- Generated by org.testng.reporters.JUnitReportReporter -->
<testsuite hostname="DESKTOP-4H2CDN2" name="com.liveguru.frontend.PurchaseProduct" tests="1" failures="0" timestamp="13 Jul 2019 17:44:59 GMT" time="34.145" errors="0">
  <testcase name="TC_09_PurchaseProduct" time="34.145" classname="com.liveguru.frontend.PurchaseProduct"/>
</testsuite> <!-- com.liveguru.frontend.PurchaseProduct -->
