<?xml version="1.0" encoding="UTF-8"?>
<!-- Generated by org.testng.reporters.JUnitReportReporter -->
<testsuite hostname="DESKTOP-4H2CDN2" name="com.liveguru.frontend.Review" tests="1" failures="0" timestamp="13 Jul 2019 17:44:59 GMT" time="7.346" errors="0">
  <testcase name="TC_08_AddReview" time="7.346" classname="com.liveguru.frontend.Review"/>
</testsuite> <!-- com.liveguru.frontend.Review -->
