<?xml version="1.0" encoding="UTF-8"?>
<!-- Generated by org.testng.reporters.JUnitReportReporter -->
<testsuite hostname="DESKTOP-4H2CDN2" name="com.liveguru.frontend.CompareProduct" tests="1" failures="0" timestamp="13 Jul 2019 17:44:59 GMT" time="4.636" errors="0">
  <testcase name="TC_06_CompareProduct" time="4.636" classname="com.liveguru.frontend.CompareProduct"/>
</testsuite> <!-- com.liveguru.frontend.CompareProduct -->
